  main.cpp
C:\Users\CheapPC\source\repos\IOProjekt\IO_projekt\main.cpp(22,22): warning C4566: character represented by universal-character-name '\u0142' cannot be represented in the current code page (1252)
C:\Users\CheapPC\source\repos\IOProjekt\IO_projekt\main.cpp(22,22): warning C4566: character represented by universal-character-name '\u0105' cannot be represented in the current code page (1252)
C:\Users\CheapPC\source\repos\IOProjekt\IO_projekt\main.cpp(36,18): warning C4566: character represented by universal-character-name '\u0142' cannot be represented in the current code page (1252)
C:\Users\CheapPC\source\repos\IOProjekt\IO_projekt\main.cpp(44,29): warning C4566: character represented by universal-character-name '\u015B' cannot be represented in the current code page (1252)
C:\Users\CheapPC\source\repos\IOProjekt\IO_projekt\main.cpp(44,29): warning C4566: character represented by universal-character-name '\u017C' cannot be represented in the current code page (1252)
C:\Users\CheapPC\source\repos\IOProjekt\IO_projekt\main.cpp(44,29): warning C4566: character represented by universal-character-name '\u0119' cannot be represented in the current code page (1252)
C:\Users\CheapPC\source\repos\IOProjekt\IO_projekt\main.cpp(45,33): warning C4566: character represented by universal-character-name '\u015B' cannot be represented in the current code page (1252)
C:\Users\CheapPC\source\repos\IOProjekt\IO_projekt\main.cpp(45,33): warning C4566: character represented by universal-character-name '\u017C' cannot be represented in the current code page (1252)
C:\Users\CheapPC\source\repos\IOProjekt\IO_projekt\main.cpp(45,33): warning C4566: character represented by universal-character-name '\u0119' cannot be represented in the current code page (1252)
C:\Users\CheapPC\source\repos\IOProjekt\IO_projekt\main.cpp(46,34): warning C4566: character represented by universal-character-name '\u015B' cannot be represented in the current code page (1252)
C:\Users\CheapPC\source\repos\IOProjekt\IO_projekt\main.cpp(46,34): warning C4566: character represented by universal-character-name '\u017C' cannot be represented in the current code page (1252)
C:\Users\CheapPC\source\repos\IOProjekt\IO_projekt\main.cpp(46,34): warning C4566: character represented by universal-character-name '\u0119' cannot be represented in the current code page (1252)
C:\Users\CheapPC\source\repos\IOProjekt\IO_projekt\main.cpp(55,22): warning C4566: character represented by universal-character-name '\u0142' cannot be represented in the current code page (1252)
C:\Users\CheapPC\source\repos\IOProjekt\IO_projekt\main.cpp(55,22): warning C4566: character represented by universal-character-name '\u0105' cannot be represented in the current code page (1252)
C:\Users\CheapPC\source\repos\IOProjekt\IO_projekt\main.cpp(61,29): warning C4267: 'argument': conversion from 'size_t' to 'int', possible loss of data
C:\Users\CheapPC\source\repos\IOProjekt\IO_projekt\main.cpp(72,22): warning C4566: character represented by universal-character-name '\u0142' cannot be represented in the current code page (1252)
C:\Users\CheapPC\source\repos\IOProjekt\IO_projekt\main.cpp(72,22): warning C4566: character represented by universal-character-name '\u0105' cannot be represented in the current code page (1252)
C:\Users\CheapPC\source\repos\IOProjekt\IO_projekt\main.cpp(84,26): warning C4566: character represented by universal-character-name '\u015B' cannot be represented in the current code page (1252)
C:\Users\CheapPC\source\repos\IOProjekt\IO_projekt\main.cpp(89,30): warning C4566: character represented by universal-character-name '\u0142' cannot be represented in the current code page (1252)
C:\Users\CheapPC\source\repos\IOProjekt\IO_projekt\main.cpp(89,30): warning C4566: character represented by universal-character-name '\u0105' cannot be represented in the current code page (1252)
C:\Users\CheapPC\source\repos\IOProjekt\IO_projekt\main.cpp(89,30): warning C4566: character represented by universal-character-name '\u017C' cannot be represented in the current code page (1252)
C:\Users\CheapPC\source\repos\IOProjekt\IO_projekt\main.cpp(89,30): warning C4566: character represented by universal-character-name '\u0107' cannot be represented in the current code page (1252)
C:\Users\CheapPC\source\repos\IOProjekt\IO_projekt\main.cpp(89,30): warning C4566: character represented by universal-character-name '\u015B' cannot be represented in the current code page (1252)
C:\Users\CheapPC\source\repos\IOProjekt\IO_projekt\main.cpp(93,30): warning C4566: character represented by universal-character-name '\u0142' cannot be represented in the current code page (1252)
C:\Users\CheapPC\source\repos\IOProjekt\IO_projekt\main.cpp(93,30): warning C4566: character represented by universal-character-name '\u0105' cannot be represented in the current code page (1252)
C:\Users\CheapPC\source\repos\IOProjekt\IO_projekt\main.cpp(93,30): warning C4566: character represented by universal-character-name '\u015B' cannot be represented in the current code page (1252)
C:\Users\CheapPC\source\repos\IOProjekt\IO_projekt\main.cpp(93,30): warning C4566: character represented by universal-character-name '\u0107' cannot be represented in the current code page (1252)
C:\Users\CheapPC\source\repos\IOProjekt\IO_projekt\main.cpp(110,18): warning C4566: character represented by universal-character-name '\u0144' cannot be represented in the current code page (1252)
C:\Users\CheapPC\source\repos\IOProjekt\IO_projekt\main.cpp(110,18): warning C4566: character represented by universal-character-name '\u0142' cannot be represented in the current code page (1252)
C:\Users\CheapPC\source\repos\IOProjekt\IO_projekt\main.cpp(88,49): warning C4101: 'e': unreferenced local variable
C:\Users\CheapPC\source\repos\IOProjekt\IO_projekt\main.cpp(92,45): warning C4101: 'e': unreferenced local variable
  IO_projekt.vcxproj -> C:\Users\CheapPC\source\repos\IOProjekt\x64\Debug\IO_projekt.exe
